<?xml version="1.0" encoding="UTF-8"?>
<testsuite name="censusanalyser.CensusAnalyserTest" tests="1" skipped="0" failures="0" errors="0" timestamp="2020-05-15T02:22:35" hostname="DESKTOP-EUJ5D3D" time="0.52">
  <properties/>
  <testcase name="givenUSCensusData_ShouldReturnsCorrectRecords" classname="censusanalyser.CensusAnalyserTest" time="0.52"/>
  <system-out><![CDATA[]]></system-out>
  <system-err><![CDATA[]]></system-err>
</testsuite>
