<?xml version="1.0" encoding="UTF-8"?>
<testsuite name="censusanalyser.CensusAnalyserTest" tests="15" skipped="0" failures="0" errors="0" timestamp="2020-05-15T04:52:35" hostname="DESKTOP-EUJ5D3D" time="0.436">
  <properties/>
  <testcase name="givenIndianCensusData_WhenSortedOnArea_ShouldReturnSortedResult" classname="censusanalyser.CensusAnalyserTest" time="0.174"/>
  <testcase name="givenUSCensusData_ShouldReturnsCorrectRecords" classname="censusanalyser.CensusAnalyserTest" time="0.114"/>
  <testcase name="givenIndianCensusCSVFileReturnsCorrectRecords" classname="censusanalyser.CensusAnalyserTest" time="0.021"/>
  <testcase name="givenIndiaStateData_WithWrongFile_ShouldThrowException" classname="censusanalyser.CensusAnalyserTest" time="0.005"/>
  <testcase name="givenIndianCensusData_WhenSortedOnPopulation_ShouldReturnSortedResult" classname="censusanalyser.CensusAnalyserTest" time="0.016"/>
  <testcase name="givenIndiaCensusData_WithIncorrectHeader_ShouldThrowException" classname="censusanalyser.CensusAnalyserTest" time="0.024"/>
  <testcase name="givenIndianStateCSV_shouldReturnExactCount" classname="censusanalyser.CensusAnalyserTest" time="0.012"/>
  <testcase name="givenIndiaCensusData_WithTypeIncorrect_ShouldThrowException" classname="censusanalyser.CensusAnalyserTest" time="0.0"/>
  <testcase name="givenIndianCensusData_WhenSortedOnState_ShouldReturnSortedResult" classname="censusanalyser.CensusAnalyserTest" time="0.027"/>
  <testcase name="givenIndiaCensusData_WithIncorrectDelimeter_ShouldThrowException" classname="censusanalyser.CensusAnalyserTest" time="0.016"/>
  <testcase name="givenIndiaStateData_WithIncorrectHeader_ShouldThrowException" classname="censusanalyser.CensusAnalyserTest" time="0.0"/>
  <testcase name="givenIndiaStateData_WithIncorrectDelimeter_ShouldThrowException" classname="censusanalyser.CensusAnalyserTest" time="0.001"/>
  <testcase name="givenIndiaCensusData_WithWrongFile_ShouldThrowException" classname="censusanalyser.CensusAnalyserTest" time="0.001"/>
  <testcase name="givenIndianCensusData_WhenSortedOnPopulationDensity_ShouldReturnSortedResult" classname="censusanalyser.CensusAnalyserTest" time="0.02"/>
  <testcase name="givenIndiaStateData_WithTypeIncorrect_ShouldThrowException" classname="censusanalyser.CensusAnalyserTest" time="0.0"/>
  <system-out><![CDATA[]]></system-out>
  <system-err><![CDATA[]]></system-err>
</testsuite>
