<?xml version="1.0" encoding="UTF-8"?>
<testsuite name="censusanalyser.CensusAnalyserTest" tests="14" skipped="0" failures="0" errors="0" timestamp="2020-05-14T02:45:05" hostname="DESKTOP-EUJ5D3D" time="0.844">
  <properties/>
  <testcase name="givenIndianCensusData_WhenSortedOnArea_ShouldReturnSortedResult" classname="censusanalyser.CensusAnalyserTest" time="0.488"/>
  <testcase name="givenIndianCensusCSVFileReturnsCorrectRecords" classname="censusanalyser.CensusAnalyserTest" time="0.058"/>
  <testcase name="givenIndiaStateData_WithWrongFile_ShouldThrowException" classname="censusanalyser.CensusAnalyserTest" time="0.014"/>
  <testcase name="givenIndianCensusData_WhenSortedOnPopulation_ShouldReturnSortedResult" classname="censusanalyser.CensusAnalyserTest" time="0.037"/>
  <testcase name="givenIndiaCensusData_WithIncorrectHeader_ShouldThrowException" classname="censusanalyser.CensusAnalyserTest" time="0.046"/>
  <testcase name="givenIndianStateCSV_shouldReturnExactCount" classname="censusanalyser.CensusAnalyserTest" time="0.03"/>
  <testcase name="givenIndiaCensusData_WithTypeIncorrect_ShouldThrowException" classname="censusanalyser.CensusAnalyserTest" time="0.0"/>
  <testcase name="givenIndianCensusData_WhenSortedOnState_ShouldReturnSortedResult" classname="censusanalyser.CensusAnalyserTest" time="0.065"/>
  <testcase name="givenIndiaCensusData_WithIncorrectDelimeter_ShouldThrowException" classname="censusanalyser.CensusAnalyserTest" time="0.046"/>
  <testcase name="givenIndiaStateData_WithIncorrectHeader_ShouldThrowException" classname="censusanalyser.CensusAnalyserTest" time="0.002"/>
  <testcase name="givenIndiaStateData_WithIncorrectDelimeter_ShouldThrowException" classname="censusanalyser.CensusAnalyserTest" time="0.001"/>
  <testcase name="givenIndiaCensusData_WithWrongFile_ShouldThrowException" classname="censusanalyser.CensusAnalyserTest" time="0.001"/>
  <testcase name="givenIndianCensusData_WhenSortedOnPopulationDensity_ShouldReturnSortedResult" classname="censusanalyser.CensusAnalyserTest" time="0.052"/>
  <testcase name="givenIndiaStateData_WithTypeIncorrect_ShouldThrowException" classname="censusanalyser.CensusAnalyserTest" time="0.001"/>
  <system-out><![CDATA[]]></system-out>
  <system-err><![CDATA[]]></system-err>
</testsuite>
